 ⨯ Failed to start server
Error: listen EADDRINUSE: address already in use :::3003
    at Server.setupListenHandle [as _listen2] (node:net:1940:16)
    at listenInCluster (node:net:1997:12)
    at Server.listen (node:net:2102:7)
    at /root/coast-property-sites/node_modules/next/dist/server/lib/start-server.js:280:16
    at new Promise (<anonymous>)
    at startServer (/root/coast-property-sites/node_modules/next/dist/server/lib/start-server.js:191:11)
    at Module.nextStart (/root/coast-property-sites/node_modules/next/dist/cli/next-start.js:25:40)
    at /root/coast-property-sites/node_modules/next/dist/bin/next:105:856 {
  code: 'EADDRINUSE',
  errno: -98,
  syscall: 'listen',
  address: '::',
  port: 3003
}
  ▲ Next.js 14.2.35
  - Local:        http://localhost:3003

 ✓ Starting...
 ✓ Ready in 622ms
 ⨯ Failed to start server
Error: listen EADDRINUSE: address already in use :::3003
    at Server.setupListenHandle [as _listen2] (node:net:1940:16)
    at listenInCluster (node:net:1997:12)
    at Server.listen (node:net:2102:7)
    at /root/coast-property-sites/node_modules/next/dist/server/lib/start-server.js:280:16
    at new Promise (<anonymous>)
    at startServer (/root/coast-property-sites/node_modules/next/dist/server/lib/start-server.js:191:11)
    at Module.nextStart (/root/coast-property-sites/node_modules/next/dist/cli/next-start.js:25:40)
    at /root/coast-property-sites/node_modules/next/dist/bin/next:105:856 {
  code: 'EADDRINUSE',
  errno: -98,
  syscall: 'listen',
  address: '::',
  port: 3003
}
 ⨯ Failed to start server
Error: listen EADDRINUSE: address already in use :::3003
    at Server.setupListenHandle [as _listen2] (node:net:1940:16)
    at listenInCluster (node:net:1997:12)
    at Server.listen (node:net:2102:7)
    at /root/coast-property-sites/node_modules/next/dist/server/lib/start-server.js:280:16
    at new Promise (<anonymous>)
    at startServer (/root/coast-property-sites/node_modules/next/dist/server/lib/start-server.js:191:11)
    at Module.nextStart (/root/coast-property-sites/node_modules/next/dist/cli/next-start.js:25:40)
    at /root/coast-property-sites/node_modules/next/dist/bin/next:105:856 {
  code: 'EADDRINUSE',
  errno: -98,
  syscall: 'listen',
  address: '::',
  port: 3003
}
 ⨯ Failed to start server
Error: listen EADDRINUSE: address already in use :::3003
    at Server.setupListenHandle [as _listen2] (node:net:1940:16)
    at listenInCluster (node:net:1997:12)
    at Server.listen (node:net:2102:7)
    at /root/coast-property-sites/node_modules/next/dist/server/lib/start-server.js:280:16
    at new Promise (<anonymous>)
    at startServer (/root/coast-property-sites/node_modules/next/dist/server/lib/start-server.js:191:11)
    at Module.nextStart (/root/coast-property-sites/node_modules/next/dist/cli/next-start.js:25:40)
    at /root/coast-property-sites/node_modules/next/dist/bin/next:105:856 {
  code: 'EADDRINUSE',
  errno: -98,
  syscall: 'listen',
  address: '::',
  port: 3003
}
Killed
  ▲ Next.js 14.2.35
  - Local:        http://localhost:3003

 ✓ Starting...
 ✓ Ready in 334ms
Killed
